<?xml version="1.0" encoding="UTF-8"?>
<!-- Generated by org.testng.reporters.JUnitReportReporter -->
<testsuite skipped="0" hostname="Admin-PC" name="Base_class.Base_class" tests="1" failures="0" timestamp="27 Jan 2020 12:29:18 GMT" time="8.666" errors="0">
  <testcase name="OpenBrowser" time="8.666" classname="Base_class.Base_class"/>
</testsuite> <!-- Base_class.Base_class -->
